Arguments: 
  C:\Installation\node_js\node.exe C:\Users\12939\AppData\Roaming\npm\node_modules\yarn\bin\yarn.js testv2

PATH: 
  C:\Program Files (x86)\Common Files\Oracle\Java\javapath;C:\Program Files (x86)\VMware\VMware Workstation\bin\;C:\Windows\system32;C:\Windows;C:\Windows\System32\Wbem;C:\Windows\System32\WindowsPowerShell\v1.0\;C:\Windows\System32\OpenSSH\;C:\Program Files\NVIDIA Corporation\NVIDIA NvDLISR;C:\Installation\weixinkaifa\微信web开发者工具\dll;C:\Installation\git\Git\cmd;C:\Program Files\dotnet\;C:\WINDOWS\system32;C:\WINDOWS;C:\WINDOWS\System32\Wbem;C:\WINDOWS\System32\WindowsPowerShell\v1.0\;C:\WINDOWS\System32\OpenSSH\;C:\Program Files (x86)\NetSarang\Xftp 7\;C:\Program Files (x86)\NetSarang\Xshell 7\;C:\Program Files (x86)\NVIDIA Corporation\PhysX\Common;C:\Installation\ffmpeg-master-latest-win64-gpl-shared\bin\;C:\Installation\mingw64\bin;C:\Installation\node_js\;"C:\Program Files\Java\jdk-1.8\bin;C:\Program Files\Java\jdk-1.8\jre\bin;";C:\Program Files\MySQL\MySQL Server 8.0\bin;C:\Program Files\Java\jdk-1.8\bin;%adb%;C:\Installation\git\Git\bin;C:\Installation\git\Git\mingw64\bin;C:\Installation\git\Git\mingw64\libexec\git-core;C:\Program Files\mongosh\mongosh-2.0.1-win32-x64\bin;C:\Program Files\MongoDB\Server\7.0\bin;C:\Users\12939\AppData\Local\Programs\Python\Python39\Scripts\;C:\Users\12939\AppData\Local\Programs\Python\Python39\;C:\Program Files\MySQL\MySQL Shell 8.0\bin\;C:\Users\12939\AppData\Local\Microsoft\WindowsApps;C:\Program Files\JetBrains\IntelliJ IDEA 2021.3.2\bin;;C:\installtion\platform-tools;C:\installtion\mingw64\bin;C:\Installation\VS_code\Microsoft VS Code\bin;C:\Users\12939\AppData\Local\GitHubDesktop\bin;C:\Program Files (x86)\Tencent\QQGameTempest\Hall.57814\;C:\Installation\ffmpeg-master-latest-win64-gpl-shared\bin\;C:\Users\12939\AppData\Roaming\npm;C:\Program Files\MongoDB\Server\7.0\bin;

Yarn version: 
  1.22.19

Node version: 
  18.15.0

Platform: 
  win32 x64

Trace: 
  Error: spawn EPERM
      at ChildProcess.spawn (node:internal/child_process:413:11)
      at Object.spawn (node:child_process:757:9)
      at C:\Users\12939\AppData\Roaming\npm\node_modules\yarn\lib\cli.js:25732:24
      at new Promise (<anonymous>)
      at new F (C:\Users\12939\AppData\Roaming\npm\node_modules\yarn\lib\cli.js:5305:28)
      at C:\Users\12939\AppData\Roaming\npm\node_modules\yarn\lib\cli.js:25729:12
      at run (C:\Users\12939\AppData\Roaming\npm\node_modules\yarn\lib\cli.js:43184:7)
      at BlockingQueue.maybePushConcurrencyQueue (C:\Users\12939\AppData\Roaming\npm\node_modules\yarn\lib\cli.js:43199:7)
      at BlockingQueue.shift (C:\Users\12939\AppData\Roaming\npm\node_modules\yarn\lib\cli.js:43194:10)
      at C:\Users\12939\AppData\Roaming\npm\node_modules\yarn\lib\cli.js:43138:15

npm manifest: 
  {
    "name": "test20231011os",
    "version": "1.0.0",
    "description": "读者和写者问题",
    "main": "index.js",
    "scripts": {
      "test": "node -r esbuild-register index.ts",
      "testv2": "node -r esbuild-register indexv2.ts"
    },
    "keywords": [],
    "author": "",
    "license": "ISC",
    "devDependencies": {
      "esbuild-register": "^3.5.0"
    },
    "dependencies": {
      "chalk": "^5.3.0",
      "log4js": "^6.9.1"
    }
  }

yarn manifest: 
  No manifest

Lockfile: 
  No lockfile
